<?xml version="1.0" encoding="UTF-8"?>
<!-- Generated by org.testng.reporters.JUnitXMLReporter -->
<testsuite hostname="yuvadharshini" ignored="0" name="Default test" tests="3" failures="0" timestamp="30 Aug 2022 21:03:59 GMT" time="18.376" errors="0">
  <testcase name="tc_001" time="2.913" classname="com.runner.TestRunnerClass"/>
  <testcase name="tc_002" time="2.875" classname="com.runner.TestRunnerClass"/>
  <testcase name="tc_003" time="2.377" classname="com.runner.TestRunnerClass"/>
</testsuite> <!-- Default test -->
